>>> rotate("s", CURVE_HEAD_CURVE_IMAGE, 0)
[
    [0, 5, 1, 5, 0, 0], 
    [0, 3, 2, 3, 2, 2], 
    [2, 4, 2, 4, 2, 2],  right -> top
    [2, 2, 2, 2, 2, 2], 
    [0, 3, 2, 2, 3, 2], 
    [0, 0, 0, 0, 0, 0]
]
>>> rotate("s", CURVE_HEAD_CURVE_IMAGE, 1)
[
    (0, 0, 2, 2, 0, 0), 
    (0, 3, 2, 4, 3, 5), 
    (0, 2, 2, 2, 2, 1),  bottom -> right
    (0, 2, 2, 4, 3, 5), 
    (0, 3, 2, 2, 2, 0), 
    (0, 2, 2, 2, 2, 0)
]
>>> rotate("s", CURVE_HEAD_CURVE_IMAGE, 2)
[
    (0, 0, 0, 0, 0, 0), 
    (2, 3, 2, 2, 3, 0), 
    (2, 2, 2, 2, 2, 2), 
    (2, 2, 4, 2, 4, 2),  left -> bottom
    (2, 2, 3, 2, 3, 0), 
    (0, 0, 5, 1, 5, 0)
]
>>> rotate("s", CURVE_HEAD_CURVE_IMAGE, 3)
[
    (0, 2, 2, 2, 2, 0), 
    (0, 2, 2, 2, 3, 0), 
    (5, 3, 4, 2, 2, 0),  top -> left
    (1, 2, 2, 2, 2, 0), 
    (5, 3, 4, 2, 3, 0), 
    (0, 0, 2, 2, 0, 0)
]

>>> rotate("s", CURVE_HEAD_CURVE_IMAGE_2, 0)
[
    [0, 0, 5, 1, 5, 0], 
    [2, 2, 3, 2, 3, 0], 
    [2, 2, 4, 2, 4, 2],  right -> top
    [2, 2, 2, 2, 2, 2], 
    [2, 3, 2, 2, 3, 0],
    [0, 0, 0, 0, 0, 0]
]
>>> rotate("s", CURVE_HEAD_CURVE_IMAGE_2, 1)
[
    (0, 2, 2, 2, 2, 0), 
    (0, 3, 2, 2, 2, 0), 
    (0, 2, 2, 4, 3, 5),  top -> right
    (0, 2, 2, 2, 2, 1), 
    (0, 3, 2, 4, 3, 5),
    (0, 0, 2, 2, 0, 0)
]
>>> rotate("s", CURVE_HEAD_CURVE_IMAGE_2, 2)
[
    (0, 0, 0, 0, 0, 0), 
    (0, 3, 2, 2, 3, 2), 
    (2, 2, 2, 2, 2, 2),  right -> bottom
    (2, 4, 2, 4, 2, 2), 
    (0, 3, 2, 3, 2, 2),
    (0, 5, 1, 5, 0, 0)
]
>>> rotate("s", CURVE_HEAD_CURVE_IMAGE_2, 3)
[
    (0, 0, 2, 2, 0, 0), 
    (5, 3, 4, 2, 3, 0), 
    (1, 2, 2, 2, 2, 0), 
    (5, 3, 4, 2, 2, 0), bottom -> left
    (0, 2, 2, 2, 3, 0),
    (0, 2, 2, 2, 2, 0)
]
>>>